<?xml version="1.0" encoding="UTF-8" ?>
<testsuite tests="45" failures="0" name="org.overture.typechecker.tests.ClassesPpTypeCheckTest" time="10.235" errors="0" skipped="0">
  <properties>
    <property name="java.runtime.name" value="Java(TM) SE Runtime Environment"/>
    <property name="sun.boot.library.path" value="c:\Program Files\Java\jdk1.8.0_20\jre\bin"/>
    <property name="java.vm.version" value="25.20-b23"/>
    <property name="java.vm.vendor" value="Oracle Corporation"/>
    <property name="maven.multiModuleProjectDirectory" value="c:/Users/Jpereira/overtureRep"/>
    <property name="java.vendor.url" value="http://java.oracle.com/"/>
    <property name="path.separator" value=";"/>
    <property name="guice.disable.misplaced.annotation.check" value="true"/>
    <property name="java.vm.name" value="Java HotSpot(TM) 64-Bit Server VM"/>
    <property name="file.encoding.pkg" value="sun.io"/>
    <property name="user.script" value=""/>
    <property name="user.country" value="PT"/>
    <property name="sun.java.launcher" value="SUN_STANDARD"/>
    <property name="sun.os.patch.level" value="Service Pack 1"/>
    <property name="java.vm.specification.name" value="Java Virtual Machine Specification"/>
    <property name="user.dir" value="c:\Users\Jpereira\overtureRep"/>
    <property name="java.runtime.version" value="1.8.0_20-b26"/>
    <property name="java.awt.graphicsenv" value="sun.awt.Win32GraphicsEnvironment"/>
    <property name="java.endorsed.dirs" value="c:\Program Files\Java\jdk1.8.0_20\jre\lib\endorsed"/>
    <property name="os.arch" value="amd64"/>
    <property name="java.io.tmpdir" value="C:\Users\Jpereira\AppData\Local\Temp\"/>
    <property name="line.separator" value="
"/>
    <property name="java.vm.specification.vendor" value="Oracle Corporation"/>
    <property name="user.variant" value=""/>
    <property name="os.name" value="Windows 7"/>
    <property name="classworlds.conf" value="c:/apache-maven-3.3.1/bin/m2.conf"/>
    <property name="sun.jnu.encoding" value="Cp1252"/>
    <property name="java.library.path" value="c:\Program Files\Java\jdk1.8.0_20\bin;C:\Windows\Sun\Java\bin;C:\Windows\system32;C:\Windows;c:\Users\Jpereira\bin;.;C:\Program Files (x86)\Git\local\bin;C:\Program Files (x86)\Git\mingw\bin;C:\Program Files (x86)\Git\bin;C:\Program Files (x86)\Git\bin;c:\Program Files\ImageMagick-6.9.0-Q8;c:\Program Files\ImageMagick-6.9.0-Q16;c:\Program Files\Haskell\bin;c:\Program Files\Haskell Platform\2014.2.0.0\lib\extralibs\bin;c:\Program Files\Haskell Platform\2014.2.0.0\bin;c:\ProgramData\Oracle\Java\javapath;c:\Windows\system32;c:\Windows;c:\Windows\System32\Wbem;c:\Windows\System32\WindowsPowerShell\v1.0\;c:\Program Files (x86)\Intel\OpenCL SDK\2.0\bin\x86;c:\Program Files (x86)\Intel\OpenCL SDK\2.0\bin\x64;c:\Program Files\Java\jdk1.8.0_20\bin;c:\Program Files\Haskell Platform\2014.2.0.0\mingw\bin;c:\Python34;c:\Python34\Scripts;c:\Strawberry\c\bin;c:\Strawberry\perl\site\bin;c:\Strawberry\perl\bin;c:\Program Files\MiKTeX 2.9\miktex\bin\x64\;c:\apache-maven-3.3.1\bin;c:\Users\Jpereira\AppData\Roaming\cabal\bin;c:\opencv\build\java\x64\;c:\apache-maven-3.2.5\bin;."/>
    <property name="java.specification.name" value="Java Platform API Specification"/>
    <property name="java.class.version" value="52.0"/>
    <property name="sun.management.compiler" value="HotSpot 64-Bit Tiered Compilers"/>
    <property name="os.version" value="6.1"/>
    <property name="user.home" value="C:\Users\Jpereira"/>
    <property name="user.timezone" value="Europe/London"/>
    <property name="java.awt.printerjob" value="sun.awt.windows.WPrinterJob"/>
    <property name="java.specification.version" value="1.8"/>
    <property name="file.encoding" value="Cp1252"/>
    <property name="user.name" value="Jpereira"/>
    <property name="java.class.path" value="c:/apache-maven-3.3.1/boot/plexus-classworlds-2.5.2.jar"/>
    <property name="java.vm.specification.version" value="1.8"/>
    <property name="sun.arch.data.model" value="64"/>
    <property name="java.home" value="c:\Program Files\Java\jdk1.8.0_20\jre"/>
    <property name="sun.java.command" value="org.codehaus.plexus.classworlds.launcher.Launcher install"/>
    <property name="java.specification.vendor" value="Oracle Corporation"/>
    <property name="user.language" value="pt"/>
    <property name="awt.toolkit" value="sun.awt.windows.WToolkit"/>
    <property name="java.vm.info" value="mixed mode"/>
    <property name="java.version" value="1.8.0_20"/>
    <property name="java.ext.dirs" value="c:\Program Files\Java\jdk1.8.0_20\jre\lib\ext;C:\Windows\Sun\Java\lib\ext"/>
    <property name="sun.boot.class.path" value="c:\Program Files\Java\jdk1.8.0_20\jre\lib\resources.jar;c:\Program Files\Java\jdk1.8.0_20\jre\lib\rt.jar;c:\Program Files\Java\jdk1.8.0_20\jre\lib\sunrsasign.jar;c:\Program Files\Java\jdk1.8.0_20\jre\lib\jsse.jar;c:\Program Files\Java\jdk1.8.0_20\jre\lib\jce.jar;c:\Program Files\Java\jdk1.8.0_20\jre\lib\charsets.jar;c:\Program Files\Java\jdk1.8.0_20\jre\lib\jfr.jar;c:\Program Files\Java\jdk1.8.0_20\jre\classes"/>
    <property name="sun.stderr.encoding" value="cp850"/>
    <property name="java.vendor" value="Oracle Corporation"/>
    <property name="maven.home" value="c:\apache-maven-3.3.1"/>
    <property name="file.separator" value="\"/>
    <property name="java.vendor.url.bug" value="http://bugreport.sun.com/bugreport/"/>
    <property name="sun.cpu.endian" value="little"/>
    <property name="sun.io.unicode.encoding" value="UnicodeLittle"/>
    <property name="sun.stdout.encoding" value="cp850"/>
    <property name="sun.desktop" value="windows"/>
    <property name="sun.cpu.isalist" value="amd64"/>
  </properties>
  <testcase classname="org.overture.typechecker.tests.ClassesPpTypeCheckTest" name="test[AAFirstTest]" time="0.6"/>
  <testcase classname="org.overture.typechecker.tests.ClassesPpTypeCheckTest" name="test[AccessModifier]" time="0.082"/>
  <testcase classname="org.overture.typechecker.tests.ClassesPpTypeCheckTest" name="test[AlarmPP]" time="0.198"/>
  <testcase classname="org.overture.typechecker.tests.ClassesPpTypeCheckTest" name="test[AlarmproofPP]" time="0.092"/>
  <testcase classname="org.overture.typechecker.tests.ClassesPpTypeCheckTest" name="test[AlarmtracesPP]" time="0.088"/>
  <testcase classname="org.overture.typechecker.tests.ClassesPpTypeCheckTest" name="test[AutopilotPP]" time="0.079"/>
  <testcase classname="org.overture.typechecker.tests.ClassesPpTypeCheckTest" name="test[buffersPP]" time="0.033"/>
  <testcase classname="org.overture.typechecker.tests.ClassesPpTypeCheckTest" name="test[CashDispenserConcPP]" time="0.864"/>
  <testcase classname="org.overture.typechecker.tests.ClassesPpTypeCheckTest" name="test[CashDispenserPP]" time="0.377"/>
  <testcase classname="org.overture.typechecker.tests.ClassesPpTypeCheckTest" name="test[CMConcPP]" time="0.226"/>
  <testcase classname="org.overture.typechecker.tests.ClassesPpTypeCheckTest" name="test[CMSeqPP]" time="0.246"/>
  <testcase classname="org.overture.typechecker.tests.ClassesPpTypeCheckTest" name="test[CodegenPP]" time="0.515"/>
  <testcase classname="org.overture.typechecker.tests.ClassesPpTypeCheckTest" name="test[concfactorialPP]" time="0.077"/>
  <testcase classname="org.overture.typechecker.tests.ClassesPpTypeCheckTest" name="test[ConstructorReturn]" time="0.01"/>
  <testcase classname="org.overture.typechecker.tests.ClassesPpTypeCheckTest" name="test[diet2japanPP]" time="0.029"/>
  <testcase classname="org.overture.typechecker.tests.ClassesPpTypeCheckTest" name="test[DiningPP]" time="0.045"/>
  <testcase classname="org.overture.typechecker.tests.ClassesPpTypeCheckTest" name="test[ElectronicPursePP]" time="0.026"/>
  <testcase classname="org.overture.typechecker.tests.ClassesPpTypeCheckTest" name="test[EnigmaPP]" time="0.127"/>
  <testcase classname="org.overture.typechecker.tests.ClassesPpTypeCheckTest" name="test[FactorialPP]" time="0"/>
  <testcase classname="org.overture.typechecker.tests.ClassesPpTypeCheckTest" name="test[HomeAutomationConcPP]" time="0.608"/>
  <testcase classname="org.overture.typechecker.tests.ClassesPpTypeCheckTest" name="test[HomeautomationSeqPP]" time="0.177"/>
  <testcase classname="org.overture.typechecker.tests.ClassesPpTypeCheckTest" name="test[KLVPP]" time="0.215"/>
  <testcase classname="org.overture.typechecker.tests.ClassesPpTypeCheckTest" name="test[memoryproofPP]" time="0.682"/>
  <testcase classname="org.overture.typechecker.tests.ClassesPpTypeCheckTest" name="test[MondexPP]" time="0.051"/>
  <testcase classname="org.overture.typechecker.tests.ClassesPpTypeCheckTest" name="test[MSAWconcurPP]" time="0.51"/>
  <testcase classname="org.overture.typechecker.tests.ClassesPpTypeCheckTest" name="test[MSAWseqPP]" time="0.563"/>
  <testcase classname="org.overture.typechecker.tests.ClassesPpTypeCheckTest" name="test[ObjectDesignatorInTrace]" time="0"/>
  <testcase classname="org.overture.typechecker.tests.ClassesPpTypeCheckTest" name="test[PacemakerConcPP]" time="0.777"/>
  <testcase classname="org.overture.typechecker.tests.ClassesPpTypeCheckTest" name="test[PacemakerSeqPP]" time="0.279"/>
  <testcase classname="org.overture.typechecker.tests.ClassesPpTypeCheckTest" name="test[PacemakerSimplePP]" time="0.024"/>
  <testcase classname="org.overture.typechecker.tests.ClassesPpTypeCheckTest" name="test[POP3PP]" time="0.296"/>
  <testcase classname="org.overture.typechecker.tests.ClassesPpTypeCheckTest" name="test[ProductLinePP]" time="0.132"/>
  <testcase classname="org.overture.typechecker.tests.ClassesPpTypeCheckTest" name="test[QuadilateralPP]" time="0.107"/>
  <testcase classname="org.overture.typechecker.tests.ClassesPpTypeCheckTest" name="test[ReaderWriterPP]" time="0.018"/>
  <testcase classname="org.overture.typechecker.tests.ClassesPpTypeCheckTest" name="test[SAFERPP]" time="1.516"/>
  <testcase classname="org.overture.typechecker.tests.ClassesPpTypeCheckTest" name="test[SAFERProofPP]" time="0.063"/>
  <testcase classname="org.overture.typechecker.tests.ClassesPpTypeCheckTest" name="test[stackPP]" time="0.002"/>
  <testcase classname="org.overture.typechecker.tests.ClassesPpTypeCheckTest" name="test[NonExistingOpCallInTrace]" time="0.019"/>
  <testcase classname="org.overture.typechecker.tests.ClassesPpTypeCheckTest" name="test[TracesDublicatePP]" time="0"/>
  <testcase classname="org.overture.typechecker.tests.ClassesPpTypeCheckTest" name="test[trackerproofPP]" time="0.011"/>
  <testcase classname="org.overture.typechecker.tests.ClassesPpTypeCheckTest" name="test[trayallocationPP]" time="0.121"/>
  <testcase classname="org.overture.typechecker.tests.ClassesPpTypeCheckTest" name="test[treePP]" time="0.019"/>
  <testcase classname="org.overture.typechecker.tests.ClassesPpTypeCheckTest" name="test[VFSPP]" time="0.024"/>
  <testcase classname="org.overture.typechecker.tests.ClassesPpTypeCheckTest" name="test[webserverPP]" time="0.007"/>
  <testcase classname="org.overture.typechecker.tests.ClassesPpTypeCheckTest" name="test[worldcupPP]" time="0.3"/>
</testsuite>