<?xml version="1.0" encoding="UTF-8" ?>
<testsuite tests="50" failures="0" name="org.overture.pog.tests.newtests.PogLegacyTest" time="2.835" errors="0" skipped="0">
  <properties>
    <property name="java.runtime.name" value="Java(TM) SE Runtime Environment"/>
    <property name="sun.boot.library.path" value="c:\Program Files\Java\jdk1.8.0_20\jre\bin"/>
    <property name="java.vm.version" value="25.20-b23"/>
    <property name="java.vm.vendor" value="Oracle Corporation"/>
    <property name="maven.multiModuleProjectDirectory" value="c:/Users/Jpereira/overtureRep"/>
    <property name="java.vendor.url" value="http://java.oracle.com/"/>
    <property name="path.separator" value=";"/>
    <property name="guice.disable.misplaced.annotation.check" value="true"/>
    <property name="java.vm.name" value="Java HotSpot(TM) 64-Bit Server VM"/>
    <property name="file.encoding.pkg" value="sun.io"/>
    <property name="user.script" value=""/>
    <property name="user.country" value="PT"/>
    <property name="sun.java.launcher" value="SUN_STANDARD"/>
    <property name="sun.os.patch.level" value="Service Pack 1"/>
    <property name="java.vm.specification.name" value="Java Virtual Machine Specification"/>
    <property name="user.dir" value="c:\Users\Jpereira\overtureRep"/>
    <property name="java.runtime.version" value="1.8.0_20-b26"/>
    <property name="java.awt.graphicsenv" value="sun.awt.Win32GraphicsEnvironment"/>
    <property name="java.endorsed.dirs" value="c:\Program Files\Java\jdk1.8.0_20\jre\lib\endorsed"/>
    <property name="os.arch" value="amd64"/>
    <property name="java.io.tmpdir" value="C:\Users\Jpereira\AppData\Local\Temp\"/>
    <property name="line.separator" value="
"/>
    <property name="java.vm.specification.vendor" value="Oracle Corporation"/>
    <property name="user.variant" value=""/>
    <property name="os.name" value="Windows 7"/>
    <property name="classworlds.conf" value="c:/apache-maven-3.3.1/bin/m2.conf"/>
    <property name="sun.jnu.encoding" value="Cp1252"/>
    <property name="java.library.path" value="c:\Program Files\Java\jdk1.8.0_20\bin;C:\Windows\Sun\Java\bin;C:\Windows\system32;C:\Windows;c:\Users\Jpereira\bin;.;C:\Program Files (x86)\Git\local\bin;C:\Program Files (x86)\Git\mingw\bin;C:\Program Files (x86)\Git\bin;C:\Program Files (x86)\Git\bin;c:\Program Files\ImageMagick-6.9.0-Q8;c:\Program Files\ImageMagick-6.9.0-Q16;c:\Program Files\Haskell\bin;c:\Program Files\Haskell Platform\2014.2.0.0\lib\extralibs\bin;c:\Program Files\Haskell Platform\2014.2.0.0\bin;c:\ProgramData\Oracle\Java\javapath;c:\Windows\system32;c:\Windows;c:\Windows\System32\Wbem;c:\Windows\System32\WindowsPowerShell\v1.0\;c:\Program Files (x86)\Intel\OpenCL SDK\2.0\bin\x86;c:\Program Files (x86)\Intel\OpenCL SDK\2.0\bin\x64;c:\Program Files\Java\jdk1.8.0_20\bin;c:\Program Files\Haskell Platform\2014.2.0.0\mingw\bin;c:\Python34;c:\Python34\Scripts;c:\Strawberry\c\bin;c:\Strawberry\perl\site\bin;c:\Strawberry\perl\bin;c:\Program Files\MiKTeX 2.9\miktex\bin\x64\;c:\apache-maven-3.3.1\bin;c:\Users\Jpereira\AppData\Roaming\cabal\bin;c:\opencv\build\java\x64\;c:\apache-maven-3.2.5\bin;."/>
    <property name="java.specification.name" value="Java Platform API Specification"/>
    <property name="java.class.version" value="52.0"/>
    <property name="sun.management.compiler" value="HotSpot 64-Bit Tiered Compilers"/>
    <property name="os.version" value="6.1"/>
    <property name="user.home" value="C:\Users\Jpereira"/>
    <property name="user.timezone" value="Europe/London"/>
    <property name="java.awt.printerjob" value="sun.awt.windows.WPrinterJob"/>
    <property name="java.specification.version" value="1.8"/>
    <property name="file.encoding" value="Cp1252"/>
    <property name="user.name" value="Jpereira"/>
    <property name="java.class.path" value="c:/apache-maven-3.3.1/boot/plexus-classworlds-2.5.2.jar"/>
    <property name="java.vm.specification.version" value="1.8"/>
    <property name="sun.arch.data.model" value="64"/>
    <property name="java.home" value="c:\Program Files\Java\jdk1.8.0_20\jre"/>
    <property name="sun.java.command" value="org.codehaus.plexus.classworlds.launcher.Launcher install"/>
    <property name="java.specification.vendor" value="Oracle Corporation"/>
    <property name="user.language" value="pt"/>
    <property name="awt.toolkit" value="sun.awt.windows.WToolkit"/>
    <property name="java.vm.info" value="mixed mode"/>
    <property name="java.version" value="1.8.0_20"/>
    <property name="java.ext.dirs" value="c:\Program Files\Java\jdk1.8.0_20\jre\lib\ext;C:\Windows\Sun\Java\lib\ext"/>
    <property name="sun.boot.class.path" value="c:\Program Files\Java\jdk1.8.0_20\jre\lib\resources.jar;c:\Program Files\Java\jdk1.8.0_20\jre\lib\rt.jar;c:\Program Files\Java\jdk1.8.0_20\jre\lib\sunrsasign.jar;c:\Program Files\Java\jdk1.8.0_20\jre\lib\jsse.jar;c:\Program Files\Java\jdk1.8.0_20\jre\lib\jce.jar;c:\Program Files\Java\jdk1.8.0_20\jre\lib\charsets.jar;c:\Program Files\Java\jdk1.8.0_20\jre\lib\jfr.jar;c:\Program Files\Java\jdk1.8.0_20\jre\classes"/>
    <property name="sun.stderr.encoding" value="cp850"/>
    <property name="java.vendor" value="Oracle Corporation"/>
    <property name="maven.home" value="c:\apache-maven-3.3.1"/>
    <property name="file.separator" value="\"/>
    <property name="java.vendor.url.bug" value="http://bugreport.sun.com/bugreport/"/>
    <property name="sun.cpu.endian" value="little"/>
    <property name="sun.io.unicode.encoding" value="UnicodeLittle"/>
    <property name="sun.stdout.encoding" value="cp850"/>
    <property name="sun.desktop" value="windows"/>
    <property name="sun.cpu.isalist" value="amd64"/>
  </properties>
  <testcase classname="org.overture.pog.tests.newtests.PogLegacyTest" name="testCase[0 : ACSSL.vdmsl]" time="1.277"/>
  <testcase classname="org.overture.pog.tests.newtests.PogLegacyTest" name="testCase[1 : AlarmSL.vdmsl]" time="0"/>
  <testcase classname="org.overture.pog.tests.newtests.PogLegacyTest" name="testCase[2 : AlarmproofPP.vdmpp]" time="0"/>
  <testcase classname="org.overture.pog.tests.newtests.PogLegacyTest" name="testCase[3 : AutopilotPP.vdmpp]" time="0"/>
  <testcase classname="org.overture.pog.tests.newtests.PogLegacyTest" name="testCase[4 : concfactorialPP.vdmpp]" time="0"/>
  <testcase classname="org.overture.pog.tests.newtests.PogLegacyTest" name="testCase[5 : diet2japanPP.vdmpp]" time="0"/>
  <testcase classname="org.overture.pog.tests.newtests.PogLegacyTest" name="testCase[6 : DiningPP.vdmpp]" time="0"/>
  <testcase classname="org.overture.pog.tests.newtests.PogLegacyTest" name="testCase[7 : FactorialPP.vdmpp]" time="0"/>
  <testcase classname="org.overture.pog.tests.newtests.PogLegacyTest" name="testCase[8 : HomeAutomationConcPP.vdmpp]" time="0"/>
  <testcase classname="org.overture.pog.tests.newtests.PogLegacyTest" name="testCase[9 : HomeautomationSeqPP.vdmpp]" time="0"/>
  <testcase classname="org.overture.pog.tests.newtests.PogLegacyTest" name="testCase[10 : memoryproofPP.vdmpp]" time="0"/>
  <testcase classname="org.overture.pog.tests.newtests.PogLegacyTest" name="testCase[11 : MondexPP.vdmpp]" time="0"/>
  <testcase classname="org.overture.pog.tests.newtests.PogLegacyTest" name="testCase[12 : PacemakerSimplePP.vdmpp]" time="0"/>
  <testcase classname="org.overture.pog.tests.newtests.PogLegacyTest" name="testCase[13 : ReaderWriterPP.vdmpp]" time="0"/>
  <testcase classname="org.overture.pog.tests.newtests.PogLegacyTest" name="testCase[14 : stackPP.vdmpp]" time="0"/>
  <testcase classname="org.overture.pog.tests.newtests.PogLegacyTest" name="testCase[15 : TailHeadSeq1.vdmpp]" time="0"/>
  <testcase classname="org.overture.pog.tests.newtests.PogLegacyTest" name="testCase[16 : VFSPP.vdmpp]" time="0"/>
  <testcase classname="org.overture.pog.tests.newtests.PogLegacyTest" name="testCase[17 : webserverPP.vdmpp]" time="0"/>
  <testcase classname="org.overture.pog.tests.newtests.PogLegacyTest" name="testCase[18 : CarNaviRadioRT.vdmrt]" time="0"/>
  <testcase classname="org.overture.pog.tests.newtests.PogLegacyTest" name="testCase[19 : HomeAutomationRT.vdmrt]" time="0"/>
  <testcase classname="org.overture.pog.tests.newtests.PogLegacyTest" name="testCase[20 : ATCSL.vdmsl]" time="0.292"/>
  <testcase classname="org.overture.pog.tests.newtests.PogLegacyTest" name="testCase[21 : barSL.vdmsl]" time="0.621"/>
  <testcase classname="org.overture.pog.tests.newtests.PogLegacyTest" name="testCase[22 : BOMSL.vdmsl]" time="0"/>
  <testcase classname="org.overture.pog.tests.newtests.PogLegacyTest" name="testCase[23 : CMSL.vdmsl]" time="0"/>
  <testcase classname="org.overture.pog.tests.newtests.PogLegacyTest" name="testCase[24 : CountryColouringSL.vdmsl]" time="0"/>
  <testcase classname="org.overture.pog.tests.newtests.PogLegacyTest" name="testCase[25 : crosswordSL.vdmsl]" time="0"/>
  <testcase classname="org.overture.pog.tests.newtests.PogLegacyTest" name="testCase[26 : DFDexampleSL.vdmsl]" time="0"/>
  <testcase classname="org.overture.pog.tests.newtests.PogLegacyTest" name="testCase[27 : expressSL.vdmsl]" time="0"/>
  <testcase classname="org.overture.pog.tests.newtests.PogLegacyTest" name="testCase[28 : gatewaySL.vdmsl]" time="0"/>
  <testcase classname="org.overture.pog.tests.newtests.PogLegacyTest" name="testCase[29 : hotelSL.vdmsl]" time="0"/>
  <testcase classname="org.overture.pog.tests.newtests.PogLegacyTest" name="testCase[30 : librarySL.vdmsl]" time="0.645"/>
  <testcase classname="org.overture.pog.tests.newtests.PogLegacyTest" name="testCase[31 : LUPSLSL.vdmsl]" time="0"/>
  <testcase classname="org.overture.pog.tests.newtests.PogLegacyTest" name="testCase[32 : MAASL.vdmsl]" time="0"/>
  <testcase classname="org.overture.pog.tests.newtests.PogLegacyTest" name="testCase[33 : monitorSL.vdmsl]" time="0"/>
  <testcase classname="org.overture.pog.tests.newtests.PogLegacyTest" name="testCase[34 : pacemakerSL.vdmsl]" time="0"/>
  <testcase classname="org.overture.pog.tests.newtests.PogLegacyTest" name="testCase[35 : PlannerSL.vdmsl]" time="0"/>
  <testcase classname="org.overture.pog.tests.newtests.PogLegacyTest" name="testCase[36 : raildirSL.vdmsl]" time="0"/>
  <testcase classname="org.overture.pog.tests.newtests.PogLegacyTest" name="testCase[37 : realmSL.vdmsl]" time="0"/>
  <testcase classname="org.overture.pog.tests.newtests.PogLegacyTest" name="testCase[38 : recursiveSL.vdmsl]" time="0"/>
  <testcase classname="org.overture.pog.tests.newtests.PogLegacyTest" name="testCase[39 : shmemSL.vdmsl]" time="0"/>
  <testcase classname="org.overture.pog.tests.newtests.PogLegacyTest" name="testCase[40 : simpleExportImport.vdmsl]" time="0"/>
  <testcase classname="org.overture.pog.tests.newtests.PogLegacyTest" name="testCase[41 : simpleExportImportTypes.vdmsl]" time="0"/>
  <testcase classname="org.overture.pog.tests.newtests.PogLegacyTest" name="testCase[42 : soccerSL.vdmsl]" time="0"/>
  <testcase classname="org.overture.pog.tests.newtests.PogLegacyTest" name="testCase[43 : telephoneSL.vdmsl]" time="0"/>
  <testcase classname="org.overture.pog.tests.newtests.PogLegacyTest" name="testCase[44 : test1.vdmsl]" time="0"/>
  <testcase classname="org.overture.pog.tests.newtests.PogLegacyTest" name="testCase[45 : test2.vdmsl]" time="0"/>
  <testcase classname="org.overture.pog.tests.newtests.PogLegacyTest" name="testCase[46 : TrackerSL.vdmsl]" time="0"/>
  <testcase classname="org.overture.pog.tests.newtests.PogLegacyTest" name="testCase[47 : trafficSL.vdmsl]" time="0"/>
  <testcase classname="org.overture.pog.tests.newtests.PogLegacyTest" name="testCase[48 : NarrowPP.vdmpp]" time="0"/>
  <testcase classname="org.overture.pog.tests.newtests.PogLegacyTest" name="testCase[49 : trackerproofPP.vdmpp]" time="0"/>
</testsuite>