<?xml version="1.0" encoding="UTF-8" ?>
<testsuite tests="107" failures="0" name="org.overture.core.tests.ParseTcAllExamplesTest" time="19.816" errors="0" skipped="0">
  <properties>
    <property name="java.runtime.name" value="Java(TM) SE Runtime Environment"/>
    <property name="sun.boot.library.path" value="c:\Program Files\Java\jdk1.8.0_20\jre\bin"/>
    <property name="java.vm.version" value="25.20-b23"/>
    <property name="java.vm.vendor" value="Oracle Corporation"/>
    <property name="maven.multiModuleProjectDirectory" value="c:/Users/Jpereira/overtureRep"/>
    <property name="java.vendor.url" value="http://java.oracle.com/"/>
    <property name="path.separator" value=";"/>
    <property name="guice.disable.misplaced.annotation.check" value="true"/>
    <property name="java.vm.name" value="Java HotSpot(TM) 64-Bit Server VM"/>
    <property name="file.encoding.pkg" value="sun.io"/>
    <property name="user.script" value=""/>
    <property name="user.country" value="PT"/>
    <property name="sun.java.launcher" value="SUN_STANDARD"/>
    <property name="sun.os.patch.level" value="Service Pack 1"/>
    <property name="java.vm.specification.name" value="Java Virtual Machine Specification"/>
    <property name="user.dir" value="c:\Users\Jpereira\overtureRep"/>
    <property name="java.runtime.version" value="1.8.0_20-b26"/>
    <property name="java.awt.graphicsenv" value="sun.awt.Win32GraphicsEnvironment"/>
    <property name="java.endorsed.dirs" value="c:\Program Files\Java\jdk1.8.0_20\jre\lib\endorsed"/>
    <property name="os.arch" value="amd64"/>
    <property name="java.io.tmpdir" value="C:\Users\Jpereira\AppData\Local\Temp\"/>
    <property name="line.separator" value="
"/>
    <property name="java.vm.specification.vendor" value="Oracle Corporation"/>
    <property name="user.variant" value=""/>
    <property name="os.name" value="Windows 7"/>
    <property name="classworlds.conf" value="c:/apache-maven-3.3.1/bin/m2.conf"/>
    <property name="sun.jnu.encoding" value="Cp1252"/>
    <property name="java.library.path" value="c:\Program Files\Java\jdk1.8.0_20\bin;C:\Windows\Sun\Java\bin;C:\Windows\system32;C:\Windows;c:\Users\Jpereira\bin;.;C:\Program Files (x86)\Git\local\bin;C:\Program Files (x86)\Git\mingw\bin;C:\Program Files (x86)\Git\bin;C:\Program Files (x86)\Git\bin;c:\Program Files\ImageMagick-6.9.0-Q8;c:\Program Files\ImageMagick-6.9.0-Q16;c:\Program Files\Haskell\bin;c:\Program Files\Haskell Platform\2014.2.0.0\lib\extralibs\bin;c:\Program Files\Haskell Platform\2014.2.0.0\bin;c:\ProgramData\Oracle\Java\javapath;c:\Windows\system32;c:\Windows;c:\Windows\System32\Wbem;c:\Windows\System32\WindowsPowerShell\v1.0\;c:\Program Files (x86)\Intel\OpenCL SDK\2.0\bin\x86;c:\Program Files (x86)\Intel\OpenCL SDK\2.0\bin\x64;c:\Program Files\Java\jdk1.8.0_20\bin;c:\Program Files\Haskell Platform\2014.2.0.0\mingw\bin;c:\Python34;c:\Python34\Scripts;c:\Strawberry\c\bin;c:\Strawberry\perl\site\bin;c:\Strawberry\perl\bin;c:\Program Files\MiKTeX 2.9\miktex\bin\x64\;c:\apache-maven-3.3.1\bin;c:\Users\Jpereira\AppData\Roaming\cabal\bin;c:\opencv\build\java\x64\;c:\apache-maven-3.2.5\bin;."/>
    <property name="java.specification.name" value="Java Platform API Specification"/>
    <property name="java.class.version" value="52.0"/>
    <property name="sun.management.compiler" value="HotSpot 64-Bit Tiered Compilers"/>
    <property name="os.version" value="6.1"/>
    <property name="user.home" value="C:\Users\Jpereira"/>
    <property name="user.timezone" value="Europe/London"/>
    <property name="java.awt.printerjob" value="sun.awt.windows.WPrinterJob"/>
    <property name="java.specification.version" value="1.8"/>
    <property name="file.encoding" value="Cp1252"/>
    <property name="user.name" value="Jpereira"/>
    <property name="java.class.path" value="c:/apache-maven-3.3.1/boot/plexus-classworlds-2.5.2.jar"/>
    <property name="java.vm.specification.version" value="1.8"/>
    <property name="sun.arch.data.model" value="64"/>
    <property name="java.home" value="c:\Program Files\Java\jdk1.8.0_20\jre"/>
    <property name="sun.java.command" value="org.codehaus.plexus.classworlds.launcher.Launcher install"/>
    <property name="java.specification.vendor" value="Oracle Corporation"/>
    <property name="user.language" value="pt"/>
    <property name="awt.toolkit" value="sun.awt.windows.WToolkit"/>
    <property name="java.vm.info" value="mixed mode"/>
    <property name="java.version" value="1.8.0_20"/>
    <property name="java.ext.dirs" value="c:\Program Files\Java\jdk1.8.0_20\jre\lib\ext;C:\Windows\Sun\Java\lib\ext"/>
    <property name="sun.boot.class.path" value="c:\Program Files\Java\jdk1.8.0_20\jre\lib\resources.jar;c:\Program Files\Java\jdk1.8.0_20\jre\lib\rt.jar;c:\Program Files\Java\jdk1.8.0_20\jre\lib\sunrsasign.jar;c:\Program Files\Java\jdk1.8.0_20\jre\lib\jsse.jar;c:\Program Files\Java\jdk1.8.0_20\jre\lib\jce.jar;c:\Program Files\Java\jdk1.8.0_20\jre\lib\charsets.jar;c:\Program Files\Java\jdk1.8.0_20\jre\lib\jfr.jar;c:\Program Files\Java\jdk1.8.0_20\jre\classes"/>
    <property name="sun.stderr.encoding" value="cp850"/>
    <property name="java.vendor" value="Oracle Corporation"/>
    <property name="maven.home" value="c:\apache-maven-3.3.1"/>
    <property name="file.separator" value="\"/>
    <property name="java.vendor.url.bug" value="http://bugreport.sun.com/bugreport/"/>
    <property name="sun.cpu.endian" value="little"/>
    <property name="sun.io.unicode.encoding" value="UnicodeLittle"/>
    <property name="sun.stdout.encoding" value="cp850"/>
    <property name="sun.desktop" value="windows"/>
    <property name="sun.cpu.isalist" value="amd64"/>
  </properties>
  <testcase classname="org.overture.core.tests.ParseTcAllExamplesTest" name="testParseTc[0 : AbstractPacemakerSL]" time="0.023"/>
  <testcase classname="org.overture.core.tests.ParseTcAllExamplesTest" name="testParseTc[1 : AccountSysSL]" time="0.012"/>
  <testcase classname="org.overture.core.tests.ParseTcAllExamplesTest" name="testParseTc[2 : ACSSL]" time="0.204"/>
  <testcase classname="org.overture.core.tests.ParseTcAllExamplesTest" name="testParseTc[3 : ADTSL]" time="0.365"/>
  <testcase classname="org.overture.core.tests.ParseTcAllExamplesTest" name="testParseTc[4 : AlarmSL]" time="0.038"/>
  <testcase classname="org.overture.core.tests.ParseTcAllExamplesTest" name="testParseTc[5 : ATCSL]" time="0.178"/>
  <testcase classname="org.overture.core.tests.ParseTcAllExamplesTest" name="testParseTc[6 : barSL]" time="0.07"/>
  <testcase classname="org.overture.core.tests.ParseTcAllExamplesTest" name="testParseTc[7 : BOMSL]" time="0.043"/>
  <testcase classname="org.overture.core.tests.ParseTcAllExamplesTest" name="testParseTc[8 : cashdispenserSL]" time="0.01"/>
  <testcase classname="org.overture.core.tests.ParseTcAllExamplesTest" name="testParseTc[9 : CMSL]" time="0.036"/>
  <testcase classname="org.overture.core.tests.ParseTcAllExamplesTest" name="testParseTc[10 : ConwayGameLifeSL]" time="0.039"/>
  <testcase classname="org.overture.core.tests.ParseTcAllExamplesTest" name="testParseTc[11 : CountryColouringSL]" time="0.005"/>
  <testcase classname="org.overture.core.tests.ParseTcAllExamplesTest" name="testParseTc[12 : crosswordSL]" time="0.014"/>
  <testcase classname="org.overture.core.tests.ParseTcAllExamplesTest" name="testParseTc[13 : DFDexampleSL]" time="0.224"/>
  <testcase classname="org.overture.core.tests.ParseTcAllExamplesTest" name="testParseTc[14 : DigraphSL]" time="0.095"/>
  <testcase classname="org.overture.core.tests.ParseTcAllExamplesTest" name="testParseTc[15 : dwarfSL]" time="0.013"/>
  <testcase classname="org.overture.core.tests.ParseTcAllExamplesTest" name="testParseTc[16 : EngineSL]" time="0.009"/>
  <testcase classname="org.overture.core.tests.ParseTcAllExamplesTest" name="testParseTc[17 : expressSL]" time="0.033"/>
  <testcase classname="org.overture.core.tests.ParseTcAllExamplesTest" name="testParseTc[18 : gatewaySL]" time="0.054"/>
  <testcase classname="org.overture.core.tests.ParseTcAllExamplesTest" name="testParseTc[19 : graph-edSL]" time="0.137"/>
  <testcase classname="org.overture.core.tests.ParseTcAllExamplesTest" name="testParseTc[20 : HASLSL]" time="0.096"/>
  <testcase classname="org.overture.core.tests.ParseTcAllExamplesTest" name="testParseTc[21 : hotelSL]" time="0.01"/>
  <testcase classname="org.overture.core.tests.ParseTcAllExamplesTest" name="testParseTc[22 : librarySL]" time="0.044"/>
  <testcase classname="org.overture.core.tests.ParseTcAllExamplesTest" name="testParseTc[23 : looseSL]" time="0.181"/>
  <testcase classname="org.overture.core.tests.ParseTcAllExamplesTest" name="testParseTc[24 : LUHNSL]" time="0.024"/>
  <testcase classname="org.overture.core.tests.ParseTcAllExamplesTest" name="testParseTc[25 : LUPSL]" time="0.042"/>
  <testcase classname="org.overture.core.tests.ParseTcAllExamplesTest" name="testParseTc[26 : MAASL]" time="0.094"/>
  <testcase classname="org.overture.core.tests.ParseTcAllExamplesTest" name="testParseTc[27 : metroSL]" time="0.034"/>
  <testcase classname="org.overture.core.tests.ParseTcAllExamplesTest" name="testParseTc[28 : monitorSL]" time="0.041"/>
  <testcase classname="org.overture.core.tests.ParseTcAllExamplesTest" name="testParseTc[29 : NDBSL]" time="0.039"/>
  <testcase classname="org.overture.core.tests.ParseTcAllExamplesTest" name="testParseTc[30 : newspeakSL]" time="0.581"/>
  <testcase classname="org.overture.core.tests.ParseTcAllExamplesTest" name="testParseTc[31 : pacemakerSL]" time="0.133"/>
  <testcase classname="org.overture.core.tests.ParseTcAllExamplesTest" name="testParseTc[32 : PlannerSL]" time="0.012"/>
  <testcase classname="org.overture.core.tests.ParseTcAllExamplesTest" name="testParseTc[33 : ProgLangSL]" time="0.031"/>
  <testcase classname="org.overture.core.tests.ParseTcAllExamplesTest" name="testParseTc[34 : raildirSL]" time="0.231"/>
  <testcase classname="org.overture.core.tests.ParseTcAllExamplesTest" name="testParseTc[35 : realmSL]" time="0.16"/>
  <testcase classname="org.overture.core.tests.ParseTcAllExamplesTest" name="testParseTc[36 : recursiveSL]" time="0.059"/>
  <testcase classname="org.overture.core.tests.ParseTcAllExamplesTest" name="testParseTc[37 : SAFERSL]" time="0.106"/>
  <testcase classname="org.overture.core.tests.ParseTcAllExamplesTest" name="testParseTc[38 : shmemSL]" time="0.01"/>
  <testcase classname="org.overture.core.tests.ParseTcAllExamplesTest" name="testParseTc[39 : simulatorSL]" time="0.146"/>
  <testcase classname="org.overture.core.tests.ParseTcAllExamplesTest" name="testParseTc[40 : soccerSL]" time="0.155"/>
  <testcase classname="org.overture.core.tests.ParseTcAllExamplesTest" name="testParseTc[41 : STVSL]" time="0.12"/>
  <testcase classname="org.overture.core.tests.ParseTcAllExamplesTest" name="testParseTc[42 : telephoneSL]" time="0.026"/>
  <testcase classname="org.overture.core.tests.ParseTcAllExamplesTest" name="testParseTc[43 : Tic-tac-toeSL]" time="0.015"/>
  <testcase classname="org.overture.core.tests.ParseTcAllExamplesTest" name="testParseTc[44 : TrackerSL]" time="0.012"/>
  <testcase classname="org.overture.core.tests.ParseTcAllExamplesTest" name="testParseTc[45 : trafficSL]" time="0.005"/>
  <testcase classname="org.overture.core.tests.ParseTcAllExamplesTest" name="testParseTc[46 : VCParser-masterSL]" time="0.094"/>
  <testcase classname="org.overture.core.tests.ParseTcAllExamplesTest" name="testParseTc[47 : access-controlPP]" time="0.471"/>
  <testcase classname="org.overture.core.tests.ParseTcAllExamplesTest" name="testParseTc[48 : AlarmPP]" time="0.118"/>
  <testcase classname="org.overture.core.tests.ParseTcAllExamplesTest" name="testParseTc[49 : Alarm++proofPP]" time="0.007"/>
  <testcase classname="org.overture.core.tests.ParseTcAllExamplesTest" name="testParseTc[50 : Alarm++tracesPP]" time="0.081"/>
  <testcase classname="org.overture.core.tests.ParseTcAllExamplesTest" name="testParseTc[51 : AutomatedStockBrokerPP]" time="0.342"/>
  <testcase classname="org.overture.core.tests.ParseTcAllExamplesTest" name="testParseTc[52 : AutopilotPP]" time="0.005"/>
  <testcase classname="org.overture.core.tests.ParseTcAllExamplesTest" name="testParseTc[53 : buffersPP]" time="0.005"/>
  <testcase classname="org.overture.core.tests.ParseTcAllExamplesTest" name="testParseTc[54 : BuslinesPP]" time="0.437"/>
  <testcase classname="org.overture.core.tests.ParseTcAllExamplesTest" name="testParseTc[55 : BuslinesWithDBPP]" time="0.319"/>
  <testcase classname="org.overture.core.tests.ParseTcAllExamplesTest" name="testParseTc[56 : CashDispenserPP]" time="0.362"/>
  <testcase classname="org.overture.core.tests.ParseTcAllExamplesTest" name="testParseTc[57 : CashDispenserConcPP]" time="0.143"/>
  <testcase classname="org.overture.core.tests.ParseTcAllExamplesTest" name="testParseTc[58 : CMConcPP]" time="0.596"/>
  <testcase classname="org.overture.core.tests.ParseTcAllExamplesTest" name="testParseTc[59 : CMSeqPP]" time="0.309"/>
  <testcase classname="org.overture.core.tests.ParseTcAllExamplesTest" name="testParseTc[60 : CodegenPP]" time="0.635"/>
  <testcase classname="org.overture.core.tests.ParseTcAllExamplesTest" name="testParseTc[61 : concfactorialPP]" time="0.052"/>
  <testcase classname="org.overture.core.tests.ParseTcAllExamplesTest" name="testParseTc[62 : diet2japanPP]" time="0.006"/>
  <testcase classname="org.overture.core.tests.ParseTcAllExamplesTest" name="testParseTc[63 : DiningPP]" time="0.026"/>
  <testcase classname="org.overture.core.tests.ParseTcAllExamplesTest" name="testParseTc[64 : ElectronicPursePP]" time="0.006"/>
  <testcase classname="org.overture.core.tests.ParseTcAllExamplesTest" name="testParseTc[65 : EnigmaPP]" time="0.186"/>
  <testcase classname="org.overture.core.tests.ParseTcAllExamplesTest" name="testParseTc[66 : HomeAutomationConcPP]" time="0.251"/>
  <testcase classname="org.overture.core.tests.ParseTcAllExamplesTest" name="testParseTc[67 : HomeautomationSeqPP]" time="0.352"/>
  <testcase classname="org.overture.core.tests.ParseTcAllExamplesTest" name="testParseTc[68 : HubInSafeModePP]" time="0.141"/>
  <testcase classname="org.overture.core.tests.ParseTcAllExamplesTest" name="testParseTc[69 : KLVPP]" time="0.102"/>
  <testcase classname="org.overture.core.tests.ParseTcAllExamplesTest" name="testParseTc[70 : memoryproofPP]" time="0.014"/>
  <testcase classname="org.overture.core.tests.ParseTcAllExamplesTest" name="testParseTc[71 : MondexPP]" time="0.008"/>
  <testcase classname="org.overture.core.tests.ParseTcAllExamplesTest" name="testParseTc[72 : MSAWconcurPP]" time="0.272"/>
  <testcase classname="org.overture.core.tests.ParseTcAllExamplesTest" name="testParseTc[73 : MSAWseqPP]" time="0.422"/>
  <testcase classname="org.overture.core.tests.ParseTcAllExamplesTest" name="testParseTc[74 : PacemakerConcPP]" time="0.245"/>
  <testcase classname="org.overture.core.tests.ParseTcAllExamplesTest" name="testParseTc[75 : PacemakerSeqPP]" time="0.089"/>
  <testcase classname="org.overture.core.tests.ParseTcAllExamplesTest" name="testParseTc[76 : PacemakerSimplePP]" time="0.068"/>
  <testcase classname="org.overture.core.tests.ParseTcAllExamplesTest" name="testParseTc[77 : POP3PP]" time="0.295"/>
  <testcase classname="org.overture.core.tests.ParseTcAllExamplesTest" name="testParseTc[78 : ProductLinePP]" time="0.035"/>
  <testcase classname="org.overture.core.tests.ParseTcAllExamplesTest" name="testParseTc[79 : QuadilateralPP]" time="0.056"/>
  <testcase classname="org.overture.core.tests.ParseTcAllExamplesTest" name="testParseTc[80 : ReaderWriterPP]" time="0.076"/>
  <testcase classname="org.overture.core.tests.ParseTcAllExamplesTest" name="testParseTc[81 : SAFERPP]" time="0.109"/>
  <testcase classname="org.overture.core.tests.ParseTcAllExamplesTest" name="testParseTc[82 : SAFERProofPP]" time="0.041"/>
  <testcase classname="org.overture.core.tests.ParseTcAllExamplesTest" name="testParseTc[83 : SmokingPP]" time="0.037"/>
  <testcase classname="org.overture.core.tests.ParseTcAllExamplesTest" name="testParseTc[84 : SortingParcelsPP]" time="0.073"/>
  <testcase classname="org.overture.core.tests.ParseTcAllExamplesTest" name="testParseTc[85 : sortPPPP]" time="0.055"/>
  <testcase classname="org.overture.core.tests.ParseTcAllExamplesTest" name="testParseTc[86 : SSlibE2PP]" time="4.43"/>
  <testcase classname="org.overture.core.tests.ParseTcAllExamplesTest" name="testParseTc[87 : stackPP]" time="0.004"/>
  <testcase classname="org.overture.core.tests.ParseTcAllExamplesTest" name="testParseTc[88 : trackerproofPP]" time="0.22"/>
  <testcase classname="org.overture.core.tests.ParseTcAllExamplesTest" name="testParseTc[89 : trayallocationPP]" time="0.622"/>
  <testcase classname="org.overture.core.tests.ParseTcAllExamplesTest" name="testParseTc[90 : treePP]" time="0.137"/>
  <testcase classname="org.overture.core.tests.ParseTcAllExamplesTest" name="testParseTc[91 : VFSPP]" time="0.036"/>
  <testcase classname="org.overture.core.tests.ParseTcAllExamplesTest" name="testParseTc[92 : webserverPP]" time="0.036"/>
  <testcase classname="org.overture.core.tests.ParseTcAllExamplesTest" name="testParseTc[93 : worldcupPP]" time="0.166"/>
  <testcase classname="org.overture.core.tests.ParseTcAllExamplesTest" name="testParseTc[94 : CarNaviRadioRT]" time="0.05"/>
  <testcase classname="org.overture.core.tests.ParseTcAllExamplesTest" name="testParseTc[95 : CarNaviRadioValConjRT]" time="0.015"/>
  <testcase classname="org.overture.core.tests.ParseTcAllExamplesTest" name="testParseTc[96 : ChessWayRT]" time="0.271"/>
  <testcase classname="org.overture.core.tests.ParseTcAllExamplesTest" name="testParseTc[97 : CMRT]" time="0.112"/>
  <testcase classname="org.overture.core.tests.ParseTcAllExamplesTest" name="testParseTc[98 : CyberRailRT]" time="0.744"/>
  <testcase classname="org.overture.core.tests.ParseTcAllExamplesTest" name="testParseTc[99 : HomeAutomationRT]" time="0.096"/>
  <testcase classname="org.overture.core.tests.ParseTcAllExamplesTest" name="testParseTc[100 : iiossRT]" time="0.42"/>
  <testcase classname="org.overture.core.tests.ParseTcAllExamplesTest" name="testParseTc[101 : MSAWRT]" time="0.166"/>
  <testcase classname="org.overture.core.tests.ParseTcAllExamplesTest" name="testParseTc[102 : oldcarradioRT]" time="0.281"/>
  <testcase classname="org.overture.core.tests.ParseTcAllExamplesTest" name="testParseTc[103 : PacemakerRT]" time="0.15"/>
  <testcase classname="org.overture.core.tests.ParseTcAllExamplesTest" name="testParseTc[104 : RobotRT]" time="0.184"/>
  <testcase classname="org.overture.core.tests.ParseTcAllExamplesTest" name="testParseTc[105 : VDMRT]" time="0.416"/>
  <testcase classname="org.overture.core.tests.ParseTcAllExamplesTest" name="testParseTc[106 : VeMoRT]" time="0.31"/>
</testsuite>